<?xml version="1.0" encoding="UTF-8"?>
<!-- Generated by org.testng.reporters.JUnitReportReporter -->
<testsuite hostname="DESKTOP-MCRF7CH" name="test.TestLogin" tests="1" failures="0" timestamp="19 Jul 2021 10:55:32 GMT" time="0.025" errors="0">
  <testcase name="test1" time="0.025" classname="test.TestLogin"/>
</testsuite> <!-- test.TestLogin -->
